[03:13:02] [Render thread/INFO] [JMLogger] JourneyMap log initialized.
[03:13:02] [Render thread/INFO] [JourneymapClient] initialize ENTER
[03:13:02] [Render thread/INFO] [ClientAPI] [ClientAPI] built with JourneyMap API 1.9-SNAPSHOT
[03:13:02] [Render thread/INFO] [PluginHelper] Initializing plugins with Client API: journeymap.client.api.impl.ClientAPI
[03:13:02] [Render thread/INFO] [PluginHelper] Initialized IClientPlugin: com.minecolonies.core.compatibility.journeymap.JourneymapPlugin
[03:13:02] [Render thread/INFO] [PluginHelper] Initialized IClientPlugin: net.blay09.mods.waystones.compat.JourneyMapIntegration
[03:13:02] [Render thread/DEBUG] [JourneymapClient] Loading and Generating Journeymap configs
[03:13:02] [Render thread/WARN] [PropertiesBase] core (Initialized) Bad configField entry during updateFrom(): optionsManagerViewed=null
[03:13:02] [Render thread/INFO] [?] Version: JourneyMap 1.20.1-5.9.18, built with forge 1.20.1-47.1.46
forge: 47.2.20
Environment: os.name, os.arch, java.version, user.country, user.language=null, game language=es_es, locale=es_es
Features: 
	RadarPlayers : singleplayer = true , multiplayer = true
	RadarAnimals : singleplayer = true , multiplayer = true
	RadarMobs : singleplayer = true , multiplayer = true
	RadarVillagers : singleplayer = true , multiplayer = true
	MapTopo : singleplayer = true , multiplayer = true
	MapSurface : singleplayer = true , multiplayer = true
	MapCaves : singleplayer = true , multiplayer = true
	MapBiome : singleplayer = true , multiplayer = true
MiniMapProperties{state=Valid, file=journeymap.minimap.config, configVersion=5.9.18, zoomLevel=0, compassFontScale=1.0, terrainAlpha=100, showEntityNames=true, positionX=0.9, positionY=0.25, effectVertical=false, showPlayerHeading=true, sizePercent=30, playerDisplayScale=1.0, showDayNight=true, showPets=true, preferredMapType=day, showCompass=true, mobDisplay=jm.common.entity_display.dots, systemTimeRealFormat=HH:mm:ss, shape=jm.minimap.shape_circle, showSelf=true, selfDisplayScale=1.0, showGrid=true, reticleOrientation=jm.minimap.orientation.compass, gameTimeRealFormat=HH:mm:ss, effectTranslateX=0, showWaypoints=true, minimapKeyMovementSpeed=0.001, showAnimals=true, infoSlotAlpha=0.7, effectTranslateY=0, showWaypointLabels=true, moveEffectIcons=true, position=jm.minimap.position_topright, fontScale=1.0, showPlayers=true, waypointIconScale=1.0, frameAlpha=100, effectReversed=false, backgroundAlpha=0.8, enabled=true, showVillagers=true, info2Label=jm.theme.labelsource.gametime, info3Label=jm.theme.labelsource.location, showMobs=true, waypointLabelScale=1.0, showReticle=true, orientation=jm.minimap.orientation.north, info4Label=jm.theme.labelsource.biome, locationFormat=xzyv, playerDisplay=jm.common.entity_display.dots, mobDisplayScale=1.0, showCaves=true, showMobHeading=true, locationFormatVerbose=true, info1Label=jm.theme.labelsource.blank}
MiniMapProperties{state=Valid, file=journeymap.minimap2.config, configVersion=5.9.18, zoomLevel=0, compassFontScale=1.0, terrainAlpha=100, showEntityNames=true, positionX=0.9, positionY=0.25, effectVertical=false, showPlayerHeading=true, sizePercent=30, playerDisplayScale=1.0, showDayNight=true, showPets=true, preferredMapType=day, showCompass=true, mobDisplay=jm.common.entity_display.dots, systemTimeRealFormat=HH:mm:ss, shape=jm.minimap.shape_rectangle, showSelf=true, selfDisplayScale=1.0, showGrid=true, reticleOrientation=jm.minimap.orientation.compass, gameTimeRealFormat=HH:mm:ss, effectTranslateX=0, showWaypoints=true, minimapKeyMovementSpeed=0.001, showAnimals=true, infoSlotAlpha=0.7, effectTranslateY=0, showWaypointLabels=true, moveEffectIcons=true, position=jm.minimap.position_topright, fontScale=1.0, showPlayers=true, waypointIconScale=1.0, frameAlpha=100, effectReversed=false, backgroundAlpha=0.8, enabled=true, showVillagers=true, info2Label=jm.theme.labelsource.gametime, info3Label=jm.theme.labelsource.location, showMobs=true, waypointLabelScale=1.0, showReticle=true, orientation=jm.minimap.orientation.north, info4Label=jm.theme.labelsource.biome, locationFormat=xzyv, playerDisplay=jm.common.entity_display.dots, mobDisplayScale=1.0, showCaves=true, showMobHeading=true, locationFormatVerbose=true, info1Label=jm.theme.labelsource.blank}
FullMapProperties{state=Valid, file=journeymap.fullmap.config, configVersion=5.9.18, zoomLevel=4, showPlayers=true, waypointIconScale=1.0, showEntityNames=true, showPlayerHeading=true, showVillagers=true, showPlayerLoc=true, showKeys=true, playerDisplayScale=1.0, showMobs=true, showPets=true, waypointLabelScale=1.0, preferredMapType=day, mobDisplay=jm.common.entity_display.dots, showSelf=true, locationFormat=xzyv, playerDisplay=jm.common.entity_display.dots, mobDisplayScale=1.0, selfDisplayScale=1.0, showGrid=true, showMouseLoc=true, showWaypoints=true, showCaves=true, showAnimals=true, showMobHeading=true, showWaypointLabels=true, locationFormatVerbose=true, fontScale=1.0}
WaypointProperties{state=Valid, file=journeymap.waypoint.config, configVersion=5.9.18, autoRemoveDeathpointDistance=2, dateFormat=MM-dd-yyyy, autoRemoveDeathpoints=false, fullscreenDoubleClickToCreate=true, managerDimensionFocus=false, minDistance=4, boldLabel=false, textureSmall=true, showDeathpointlabel=true, beaconEnabled=true, createDeathpoints=true, showName=true, disableStrikeThrough=false, maxDistance=0, autoHideLabel=true, autoRemoveTempWaypoints=2, teleportCommand=/tp {name} {x} {y} {z}, showStaticBeam=true, shaderBeacon=false, timeFormat=HH:mm:ss, showDeviationLabel=false, showDistance=true, showRotatingBeam=true, fontScale=2.0, showTexture=true, managerEnabled=true}
WebMapProperties{state=Valid, file=journeymap.webmap.config, configVersion=5.9.18, port=8080, enabled=false}
CoreProperties{state=Valid, file=journeymap.core.config, configVersion=5.9.18, verboseColorPalette=false, maxPlayersData=32, mapSurfaceAboveCaves=true, dataCachingEnabled=true, optionsManagerViewed=null, announceMod=true, colorPassive=#bbbbbb, mapBlendWater=false, renderDistanceSurfaceMax=0, seedId=false, radarVerticalDistance=16, mapBlendGrass=true, recordCacheStats=false, hideSneakingEntities=true, revealShape=jm.minimap.shape_circle, mapBiome=true, alwaysMapSurface=false, colorVillager=#88e188, mapPlants=false, colorPet=#0077ff, radarLateralDistance=64, mapBathymetry=false, mapCrops=true, maxMobsData=32, mapPlantShadows=false, alwaysMapCaves=false, checkUpdates=true, mapBlendFoliage=true, hideSpectators=false, mappingEnabled=true, colorPlayer=#ffffff, tileHighDisplayQuality=true, cacheVillagersData=2200, logLevel=INFO, maxVillagersData=32, mapWaterBiomeColors=false, maxAnimalsData=32, mapTransparency=true, caveBlackAsClear=false, tileRenderType=1, caveIgnoreGlass=true, mapTopography=true, renderDistanceCaveMax=0, mapAntialiasing=true, colorSelf=#0000ff, cachePlayersData=2000, cacheMobsData=3000, cachePlayerData=1000, splashViewed=5.9.18, colorHostile=#ff0000, cacheAnimalsData=3100, themeName=OceanMonument, mapCaveLighting=true, renderDelay=2, glErrorChecking=false, autoMapPoll=2000}
[03:13:02] [Render thread/DEBUG] [ForgeEventHandlerManager] Handler registered: journeymap.client.event.forge.ForgeKeyEvents
[03:13:02] [Render thread/DEBUG] [ForgeEventHandlerManager] Handler registered: journeymap.client.event.forge.ForgeChatEvents
[03:13:02] [Render thread/DEBUG] [ForgeEventHandlerManager] Handler registered: journeymap.client.event.forge.ForgeHudOverlayEvents
[03:13:02] [Render thread/DEBUG] [ForgeEventHandlerManager] Handler registered: journeymap.client.event.forge.ForgeWorldEvent
[03:13:02] [Render thread/DEBUG] [ForgeEventHandlerManager] Handler registered: journeymap.client.event.forge.ForgeChunkEvents
[03:13:02] [Render thread/DEBUG] [ForgeEventHandlerManager] Handler registered: journeymap.client.event.forge.ForgeClientTickEvent
[03:13:02] [Render thread/DEBUG] [ForgeEventHandlerManager] Handler registered: journeymap.client.event.forge.ForgeRenderLevelLastEvent
[03:13:02] [Render thread/DEBUG] [ForgeEventHandlerManager] Handler registered: journeymap.client.event.forge.ForgeLoggedInEvent
[03:13:02] [Render thread/DEBUG] [ForgeEventHandlerManager] Handler registered: journeymap.client.event.forge.ForgeTextureStitchedEvent
[03:13:02] [Render thread/DEBUG] [ForgeEventHandlerManager] Handler registered: journeymap.client.event.forge.ForgePopupCustomEvents
[03:13:03] [Render thread/INFO] [JourneymapClient] initialize EXIT, elapsed count 1 avg 318.25ms
[03:13:09] [Render thread/INFO] [JourneymapClient] Journeymap PostInit
[03:13:09] [Render thread/DEBUG] [JourneymapClient] postInitialize ENTER
[03:13:09] [Render thread/TRACE] [ThemeLoader] Initializing themes ...
[03:13:09] [Render thread/INFO] [ThemeLoader] Preloaded theme textures: 73
[03:13:09] [Render thread/INFO] [JourneymapClient] postInitialize EXIT, elapsed count 1 avg 154.85ms
[03:13:33] [Netty Epoll Client IO #0/INFO] [ForgeConfig] Loading JourneyMap Forge Configs
[03:13:47] [Render thread/INFO] [JourneymapClient] World UID is set to: 1591bbed-a7cf-4708-95d3-d5f1bec07a61
[03:13:50] [Render thread/INFO] [ModBlockDelegate] Custom modded block handling enabled for projectvibrantjourneys
[03:13:50] [Render thread/INFO] [ModBlockDelegate] Custom modded block handling enabled for create
[03:13:50] [Render thread/INFO] [ModBlockDelegate] Custom modded block handling enabled for biomesoplenty
[03:13:50] [Render thread/WARN] [JMLogger] Can't get entityTexture for ecologics:textures/entity_icon/coconut_crab.png
[03:13:50] [Render thread/WARN] [JMLogger] Can't get entityTexture for alexsmobs:textures/entity_icon/flying_fish_0.png
[03:13:50] [Render thread/WARN] [JMLogger] Can't get entityTexture for alexsmobs:textures/entity_icon/flying_fish_1.png
[03:13:50] [Render thread/WARN] [JMLogger] Can't get entityTexture for alexsmobs:textures/entity_icon/flying_fish_2.png
[03:13:50] [Render thread/WARN] [JMLogger] Can't get entityTexture for alexsmobs:textures/entity_icon/cockroach.png
[03:13:50] [Render thread/WARN] [JMLogger] Can't get entityTexture for alexsmobs:textures/entity_icon/crow.png
[03:13:50] [Render thread/WARN] [JMLogger] orcz:textures/entities/wither_strike_texture.png doesn't have /entity/ in path, so can't look for /entity_icon/
[03:13:50] [Render thread/WARN] [JMLogger] Can't get entityTexture for irons_spellbooks:textures/entity_icon/necromancer.png
[03:13:50] [Render thread/WARN] [JMLogger] realmrpg_demons:textures/entities/chort.png doesn't have /entity/ in path, so can't look for /entity_icon/
[03:13:50] [Render thread/WARN] [JMLogger] born_in_chaos_v1:textures/entities/witherstrider.png doesn't have /entity/ in path, so can't look for /entity_icon/
[03:13:50] [Render thread/WARN] [JMLogger] born_in_chaos_v1:textures/entities/restlessspirit.png doesn't have /entity/ in path, so can't look for /entity_icon/
[03:13:50] [Render thread/WARN] [PropertiesBase] core (Initialized) Bad configField entry during updateFrom(): optionsManagerViewed=null
[03:13:50] [Render thread/INFO] [WaypointStore] Loaded 3 waypoints from /home/malaganator/minecraft/RPG Soul Like/journeymap/data/mp/Servidor~de~Minecraft_1591bbed~a7cf~4708~95d3~d5f1bec07a61/waypoints
[03:13:50] [Render thread/INFO] [JourneymapClient] Mapping started in /home/malaganator/minecraft/RPG Soul Like/journeymap/data/mp/Servidor~de~Minecraft_1591bbed~a7cf~4708~95d3~d5f1bec07a61/overworld. Memory: 5120MB total, 1422MB free 
[03:13:50] [Render thread/INFO] [WaypointGroupStore] Loaded WaypointGroups file /home/malaganator/minecraft/RPG Soul Like/journeymap/data/mp/Servidor~de~Minecraft_1591bbed~a7cf~4708~95d3~d5f1bec07a61/waypoints/waypoint_groups.json
[03:13:50] [Render thread/INFO] [ChatLog] JourneyMap: Presione [;]
[03:14:14] [Render thread/WARN] [JMLogger] born_in_chaos_v1:textures/entities/corpsefish.png doesn't have /entity/ in path, so can't look for /entity_icon/
[03:14:23] [Render thread/WARN] [JMLogger] born_in_chaos_v1:textures/entities/dreadhound.png doesn't have /entity/ in path, so can't look for /entity_icon/
[03:15:21] [Render thread/WARN] [JMLogger] born_in_chaos_v1:textures/entities/decrepitskeleton.png doesn't have /entity/ in path, so can't look for /entity_icon/
[07:08:09] [Render thread/INFO] [DeathPointHandler] Malaganator died at BlockPos{x=52, y=76, z=-473}. Deathpoints enabled: true. Deathpoint created: true
[08:09:00] [Render thread/WARN] [JMLogger] Can't get entityTexture for alexsmobs:textures/entity_icon/lobster_red.png
[08:09:00] [Render thread/WARN] [JMLogger] Can't get entityTexture for alexsmobs:textures/entity_icon/fly.png
[08:09:00] [Render thread/WARN] [JMLogger] born_in_chaos_v1:textures/entities/phantomcreeper.png doesn't have /entity/ in path, so can't look for /entity_icon/
[08:09:00] [Render thread/WARN] [JMLogger] born_in_chaos_v1:textures/entities/zombiebruiser.png doesn't have /entity/ in path, so can't look for /entity_icon/
[08:09:00] [Render thread/WARN] [JMLogger] born_in_chaos_v1:textures/entities/supremebonescaller.png doesn't have /entity/ in path, so can't look for /entity_icon/
[08:09:00] [Render thread/WARN] [JMLogger] born_in_chaos_v1:textures/entities/babyskeleton2.png doesn't have /entity/ in path, so can't look for /entity_icon/
[08:09:00] [Render thread/WARN] [JMLogger] born_in_chaos_v1:textures/entities/doorknight.png doesn't have /entity/ in path, so can't look for /entity_icon/
[08:09:00] [Render thread/WARN] [JMLogger] born_in_chaos_v1:textures/entities/bonescaller.png doesn't have /entity/ in path, so can't look for /entity_icon/
[08:09:00] [Render thread/WARN] [JMLogger] born_in_chaos_v1:textures/entities/shyspirit.png doesn't have /entity/ in path, so can't look for /entity_icon/
[08:09:00] [Render thread/WARN] [JMLogger] born_in_chaos_v1:textures/entities/corpsefly.png doesn't have /entity/ in path, so can't look for /entity_icon/
[08:09:00] [Render thread/WARN] [JMLogger] Can't get entityTexture for epicsamurai:textures/entity_icon/jorogumo.png
[08:09:03] [Render thread/WARN] [JMLogger] born_in_chaos_v1:textures/entities/rottenzombie.png doesn't have /entity/ in path, so can't look for /entity_icon/
[08:09:03] [Render thread/WARN] [JMLogger] born_in_chaos_v1:textures/entities/decrepitskeletonbomb.png doesn't have /entity/ in path, so can't look for /entity_icon/
[08:09:03] [Render thread/WARN] [JMLogger] born_in_chaos_v1:textures/entities/babyskeleton.png doesn't have /entity/ in path, so can't look for /entity_icon/
[08:09:21] [Render thread/WARN] [JMLogger] born_in_chaos_v1:textures/entities/swarmer.png doesn't have /entity/ in path, so can't look for /entity_icon/
[08:09:28] [Render thread/WARN] [JMLogger] orcz:textures/entities/wither_strike_texture.png doesn't have /entity/ in path, so can't look for /entity_icon/
[08:09:28] [Render thread/WARN] [JMLogger] born_in_chaos_v1:textures/entities/babyskeleton2.png doesn't have /entity/ in path, so can't look for /entity_icon/
[08:09:28] [Render thread/WARN] [JMLogger] born_in_chaos_v1:textures/entities/zombiebruiser.png doesn't have /entity/ in path, so can't look for /entity_icon/
[08:09:28] [Render thread/WARN] [JMLogger] born_in_chaos_v1:textures/entities/decrepitskeleton.png doesn't have /entity/ in path, so can't look for /entity_icon/
[08:09:28] [Render thread/WARN] [JMLogger] Can't get entityTexture for irons_spellbooks:textures/entity_icon/necromancer.png
[08:09:28] [Render thread/WARN] [JMLogger] born_in_chaos_v1:textures/entities/decrepitskeletonbomb.png doesn't have /entity/ in path, so can't look for /entity_icon/
[08:09:28] [Render thread/WARN] [JMLogger] born_in_chaos_v1:textures/entities/doorknight.png doesn't have /entity/ in path, so can't look for /entity_icon/
[08:09:28] [Render thread/WARN] [JMLogger] born_in_chaos_v1:textures/entities/restlessspirit.png doesn't have /entity/ in path, so can't look for /entity_icon/
[08:09:28] [Render thread/WARN] [JMLogger] born_in_chaos_v1:textures/entities/babyskeleton.png doesn't have /entity/ in path, so can't look for /entity_icon/
[08:09:28] [Render thread/WARN] [JMLogger] born_in_chaos_v1:textures/entities/rottenzombie.png doesn't have /entity/ in path, so can't look for /entity_icon/
[08:09:28] [Render thread/WARN] [JMLogger] born_in_chaos_v1:textures/entities/corpsefly.png doesn't have /entity/ in path, so can't look for /entity_icon/
[08:09:28] [Render thread/WARN] [JMLogger] born_in_chaos_v1:textures/entities/swarmer.png doesn't have /entity/ in path, so can't look for /entity_icon/
[08:09:28] [Render thread/WARN] [JMLogger] Can't get entityTexture for epicsamurai:textures/entity_icon/jorogumo.png
[08:09:31] [Render thread/WARN] [JMLogger] born_in_chaos_v1:textures/entities/witherstrider.png doesn't have /entity/ in path, so can't look for /entity_icon/
[08:09:31] [Render thread/WARN] [JMLogger] born_in_chaos_v1:textures/entities/phantomcreeper.png doesn't have /entity/ in path, so can't look for /entity_icon/
[08:09:31] [Render thread/WARN] [JMLogger] born_in_chaos_v1:textures/entities/supremebonescaller.png doesn't have /entity/ in path, so can't look for /entity_icon/
[08:09:35] [Render thread/WARN] [JMLogger] Can't get entityTexture for ecologics:textures/entity_icon/coconut_crab.png
[08:09:35] [Render thread/WARN] [JMLogger] Can't get entityTexture for alexsmobs:textures/entity_icon/crow.png
[08:09:35] [Render thread/WARN] [JMLogger] Can't get entityTexture for alexsmobs:textures/entity_icon/fly.png
[08:09:35] [Render thread/WARN] [JMLogger] born_in_chaos_v1:textures/entities/shyspirit.png doesn't have /entity/ in path, so can't look for /entity_icon/
[08:09:35] [Render thread/WARN] [JMLogger] realmrpg_demons:textures/entities/chort.png doesn't have /entity/ in path, so can't look for /entity_icon/
[08:09:50] [Render thread/WARN] [JMLogger] born_in_chaos_v1:textures/entities/dreadhound.png doesn't have /entity/ in path, so can't look for /entity_icon/
[08:10:42] [Render thread/WARN] [JMLogger] born_in_chaos_v1:textures/entities/maggot.png doesn't have /entity/ in path, so can't look for /entity_icon/
[08:10:56] [Render thread/WARN] [JMLogger] Can't get entityTexture for irons_spellbooks:textures/entity_icon/summoned_zombie.png
[08:10:56] [Render thread/WARN] [JMLogger] Can't get entityTexture for irons_spellbooks:textures/entity_icon/summoned_skeleton.png
[08:11:14] [Render thread/WARN] [JMLogger] Can't get entityTexture for irons_spellbooks:textures/entity_icon/summoned_zombie.png
[08:11:14] [Render thread/WARN] [JMLogger] Can't get entityTexture for irons_spellbooks:textures/entity_icon/summoned_skeleton.png
[08:11:14] [Render thread/WARN] [JMLogger] born_in_chaos_v1:textures/entities/corpsefly.png doesn't have /entity/ in path, so can't look for /entity_icon/
[08:11:14] [Render thread/WARN] [JMLogger] born_in_chaos_v1:textures/entities/decrepitskeleton.png doesn't have /entity/ in path, so can't look for /entity_icon/
[08:11:14] [Render thread/WARN] [JMLogger] born_in_chaos_v1:textures/entities/decrepitskeletonbomb.png doesn't have /entity/ in path, so can't look for /entity_icon/
[08:11:17] [Render thread/WARN] [JMLogger] Can't get entityTexture for ecologics:textures/entity_icon/coconut_crab.png
[08:11:17] [Render thread/WARN] [JMLogger] Can't get entityTexture for alexsmobs:textures/entity_icon/crow.png
[08:11:17] [Render thread/WARN] [JMLogger] born_in_chaos_v1:textures/entities/witherstrider.png doesn't have /entity/ in path, so can't look for /entity_icon/
[08:11:17] [Render thread/WARN] [JMLogger] born_in_chaos_v1:textures/entities/phantomcreeper.png doesn't have /entity/ in path, so can't look for /entity_icon/
[08:11:17] [Render thread/WARN] [JMLogger] born_in_chaos_v1:textures/entities/zombiebruiser.png doesn't have /entity/ in path, so can't look for /entity_icon/
[08:11:17] [Render thread/WARN] [JMLogger] born_in_chaos_v1:textures/entities/supremebonescaller.png doesn't have /entity/ in path, so can't look for /entity_icon/
[08:11:17] [Render thread/WARN] [JMLogger] orcz:textures/entities/wither_strike_texture.png doesn't have /entity/ in path, so can't look for /entity_icon/
[08:11:17] [Render thread/WARN] [JMLogger] Can't get entityTexture for irons_spellbooks:textures/entity_icon/necromancer.png
[08:11:17] [Render thread/WARN] [JMLogger] born_in_chaos_v1:textures/entities/restlessspirit.png doesn't have /entity/ in path, so can't look for /entity_icon/
[08:11:17] [Render thread/WARN] [JMLogger] born_in_chaos_v1:textures/entities/doorknight.png doesn't have /entity/ in path, so can't look for /entity_icon/
[08:11:17] [Render thread/WARN] [JMLogger] born_in_chaos_v1:textures/entities/babyskeleton.png doesn't have /entity/ in path, so can't look for /entity_icon/
[08:11:17] [Render thread/WARN] [JMLogger] born_in_chaos_v1:textures/entities/rottenzombie.png doesn't have /entity/ in path, so can't look for /entity_icon/
[08:11:26] [Render thread/WARN] [JMLogger] born_in_chaos_v1:textures/entities/shyspirit.png doesn't have /entity/ in path, so can't look for /entity_icon/
[08:11:44] [Render thread/WARN] [JMLogger] born_in_chaos_v1:textures/entities/corpsefish.png doesn't have /entity/ in path, so can't look for /entity_icon/
[08:11:44] [Render thread/WARN] [JMLogger] realmrpg_demons:textures/entities/chort.png doesn't have /entity/ in path, so can't look for /entity_icon/
[08:11:44] [Render thread/WARN] [JMLogger] born_in_chaos_v1:textures/entities/bonescaller.png doesn't have /entity/ in path, so can't look for /entity_icon/
[08:11:48] [Render thread/WARN] [JMLogger] Can't get entityTexture for alexsmobs:textures/entity_icon/lobster_yellow.png
[08:11:48] [Render thread/WARN] [JMLogger] Can't get entityTexture for alexsmobs:textures/entity_icon/lobster_red.png
[08:11:48] [Render thread/WARN] [JMLogger] Can't get entityTexture for alexsmobs:textures/entity_icon/flying_fish_0.png
[08:12:26] [Render thread/WARN] [JMLogger] born_in_chaos_v1:textures/entities/skeletonthrasher.png doesn't have /entity/ in path, so can't look for /entity_icon/
[08:12:32] [Render thread/WARN] [JMLogger] Can't get entityTexture for alexsmobs:textures/entity_icon/flying_fish_1.png
[08:12:32] [Render thread/WARN] [JMLogger] Can't get entityTexture for alexsmobs:textures/entity_icon/flying_fish_2.png
[08:12:43] [Render thread/WARN] [JMLogger] born_in_chaos_v1:textures/entities/swarmer.png doesn't have /entity/ in path, so can't look for /entity_icon/
[08:12:51] [Render thread/WARN] [JMLogger] realmrpg_demons:textures/entities/chort.png doesn't have /entity/ in path, so can't look for /entity_icon/
[08:12:51] [Render thread/WARN] [JMLogger] born_in_chaos_v1:textures/entities/skeletonthrasher.png doesn't have /entity/ in path, so can't look for /entity_icon/
[08:12:54] [Render thread/WARN] [JMLogger] Can't get entityTexture for ecologics:textures/entity_icon/coconut_crab.png
[08:12:54] [Render thread/WARN] [JMLogger] Can't get entityTexture for alexsmobs:textures/entity_icon/crow.png
[08:12:54] [Render thread/WARN] [JMLogger] born_in_chaos_v1:textures/entities/phantomcreeper.png doesn't have /entity/ in path, so can't look for /entity_icon/
[08:12:54] [Render thread/WARN] [JMLogger] born_in_chaos_v1:textures/entities/supremebonescaller.png doesn't have /entity/ in path, so can't look for /entity_icon/
[08:12:54] [Render thread/WARN] [JMLogger] orcz:textures/entities/wither_strike_texture.png doesn't have /entity/ in path, so can't look for /entity_icon/
[08:12:54] [Render thread/WARN] [JMLogger] born_in_chaos_v1:textures/entities/decrepitskeletonbomb.png doesn't have /entity/ in path, so can't look for /entity_icon/
[08:12:54] [Render thread/WARN] [JMLogger] born_in_chaos_v1:textures/entities/corpsefly.png doesn't have /entity/ in path, so can't look for /entity_icon/
[08:12:54] [Render thread/WARN] [JMLogger] born_in_chaos_v1:textures/entities/doorknight.png doesn't have /entity/ in path, so can't look for /entity_icon/
[08:13:06] [Render thread/WARN] [JMLogger] Can't get entityTexture for alexsmobs:textures/entity_icon/lobster_red.png
[08:13:14] [Render thread/WARN] [JMLogger] orcz:textures/entities/goblin_savage.png doesn't have /entity/ in path, so can't look for /entity_icon/
[08:13:14] [Render thread/WARN] [JMLogger] orcz:textures/entities/orc_savage.png doesn't have /entity/ in path, so can't look for /entity_icon/
[08:13:20] [Render thread/WARN] [JMLogger] born_in_chaos_v1:textures/entities/babyskeleton.png doesn't have /entity/ in path, so can't look for /entity_icon/
[08:13:26] [Render thread/WARN] [JMLogger] born_in_chaos_v1:textures/entities/corpsefish.png doesn't have /entity/ in path, so can't look for /entity_icon/
[08:13:26] [Render thread/WARN] [JMLogger] Can't get entityTexture for alexsmobs:textures/entity_icon/lobster_blue.png
[08:13:26] [Render thread/WARN] [JMLogger] Can't get entityTexture for alexsmobs:textures/entity_icon/flying_fish_1.png
[08:13:29] [Render thread/WARN] [JMLogger] born_in_chaos_v1:textures/entities/babyskeletondeamon.png doesn't have /entity/ in path, so can't look for /entity_icon/
[08:13:49] [Render thread/WARN] [JMLogger] Can't get entityTexture for alexsmobs:textures/entity_icon/flying_fish_0.png
[08:13:49] [Render thread/WARN] [JMLogger] Can't get entityTexture for alexsmobs:textures/entity_icon/flying_fish_2.png
[08:13:49] [Render thread/WARN] [JMLogger] Can't get entityTexture for alexsmobs:textures/entity_icon/underminer_0.png
[08:13:49] [Render thread/WARN] [JMLogger] gamma_beasts:textures/entities/careyatrosc.png doesn't have /entity/ in path, so can't look for /entity_icon/
[08:13:49] [Render thread/WARN] [JMLogger] born_in_chaos_v1:textures/entities/bonescaller.png doesn't have /entity/ in path, so can't look for /entity_icon/
[08:14:10] [Render thread/WARN] [JMLogger] Can't get entityTexture for alexsmobs:textures/entity_icon/fly.png
[08:14:13] [Render thread/WARN] [JMLogger] Can't get entityTexture for alexsmobs:textures/entity_icon/lobster_red.png
[08:14:13] [Render thread/WARN] [JMLogger] Can't get entityTexture for alexsmobs:textures/entity_icon/lobster_blue.png
[08:14:13] [Render thread/WARN] [JMLogger] Can't get entityTexture for alexsmobs:textures/entity_icon/flying_fish_1.png
[08:14:13] [Render thread/WARN] [JMLogger] Can't get entityTexture for ecologics:textures/entity_icon/coconut_crab.png
[08:14:13] [Render thread/WARN] [JMLogger] Can't get entityTexture for alexsmobs:textures/entity_icon/fly.png
[08:14:13] [Render thread/WARN] [JMLogger] born_in_chaos_v1:textures/entities/phantomcreeper.png doesn't have /entity/ in path, so can't look for /entity_icon/
[08:14:13] [Render thread/WARN] [JMLogger] born_in_chaos_v1:textures/entities/supremebonescaller.png doesn't have /entity/ in path, so can't look for /entity_icon/
[08:14:13] [Render thread/WARN] [JMLogger] orcz:textures/entities/wither_strike_texture.png doesn't have /entity/ in path, so can't look for /entity_icon/
[08:14:13] [Render thread/WARN] [JMLogger] born_in_chaos_v1:textures/entities/corpsefly.png doesn't have /entity/ in path, so can't look for /entity_icon/
[08:14:13] [Render thread/WARN] [JMLogger] born_in_chaos_v1:textures/entities/babyskeleton.png doesn't have /entity/ in path, so can't look for /entity_icon/
[08:14:13] [Render thread/WARN] [JMLogger] orcz:textures/entities/goblin_savage.png doesn't have /entity/ in path, so can't look for /entity_icon/
[08:14:13] [Render thread/WARN] [JMLogger] born_in_chaos_v1:textures/entities/babyskeletondeamon.png doesn't have /entity/ in path, so can't look for /entity_icon/
[08:14:26] [Render thread/WARN] [JMLogger] Can't get entityTexture for alexsmobs:textures/entity_icon/crow.png
[08:14:26] [Render thread/WARN] [JMLogger] born_in_chaos_v1:textures/entities/corpsefish.png doesn't have /entity/ in path, so can't look for /entity_icon/
[08:14:26] [Render thread/WARN] [JMLogger] gamma_beasts:textures/entities/careyatrosc.png doesn't have /entity/ in path, so can't look for /entity_icon/
[08:14:26] [Render thread/WARN] [JMLogger] born_in_chaos_v1:textures/entities/decrepitskeletonbomb.png doesn't have /entity/ in path, so can't look for /entity_icon/
[08:15:09] [Render thread/WARN] [JMLogger] realmrpg_demons:textures/entities/chort.png doesn't have /entity/ in path, so can't look for /entity_icon/
[08:15:23] [Render thread/WARN] [JMLogger] Can't get entityTexture for ecologics:textures/entity_icon/coconut_crab.png
[08:15:23] [Render thread/WARN] [JMLogger] Can't get entityTexture for alexsmobs:textures/entity_icon/lobster_red.png
[08:15:23] [Render thread/WARN] [JMLogger] born_in_chaos_v1:textures/entities/supremebonescaller.png doesn't have /entity/ in path, so can't look for /entity_icon/
[08:15:23] [Render thread/WARN] [JMLogger] orcz:textures/entities/wither_strike_texture.png doesn't have /entity/ in path, so can't look for /entity_icon/
[08:15:23] [Render thread/WARN] [JMLogger] born_in_chaos_v1:textures/entities/babyskeletondeamon.png doesn't have /entity/ in path, so can't look for /entity_icon/
[08:15:23] [Render thread/WARN] [JMLogger] born_in_chaos_v1:textures/entities/decrepitskeletonbomb.png doesn't have /entity/ in path, so can't look for /entity_icon/
[08:15:23] [Render thread/WARN] [JMLogger] realmrpg_demons:textures/entities/chort.png doesn't have /entity/ in path, so can't look for /entity_icon/
[08:15:27] [Render thread/WARN] [JMLogger] Can't get entityTexture for alexsmobs:textures/entity_icon/crow.png
[12:47:13] [Render thread/WARN] [JMLogger] Can't get entityTexture for alexsmobs:textures/entity_icon/fly.png
[12:47:13] [Render thread/WARN] [JMLogger] born_in_chaos_v1:textures/entities/doorknight.png doesn't have /entity/ in path, so can't look for /entity_icon/
[12:47:13] [Render thread/WARN] [JMLogger] born_in_chaos_v1:textures/entities/dreadhound.png doesn't have /entity/ in path, so can't look for /entity_icon/
[12:47:13] [Render thread/WARN] [JMLogger] born_in_chaos_v1:textures/entities/babyskeleton2.png doesn't have /entity/ in path, so can't look for /entity_icon/
[12:47:13] [Render thread/WARN] [JMLogger] born_in_chaos_v1:textures/entities/skeletonthrasher.png doesn't have /entity/ in path, so can't look for /entity_icon/
[12:47:13] [Render thread/WARN] [JMLogger] born_in_chaos_v1:textures/entities/zombiebruiser.png doesn't have /entity/ in path, so can't look for /entity_icon/
[12:47:13] [Render thread/WARN] [JMLogger] born_in_chaos_v1:textures/entities/zombieclown.png doesn't have /entity/ in path, so can't look for /entity_icon/
[12:47:13] [Render thread/WARN] [JMLogger] born_in_chaos_v1:textures/entities/witherstrider.png doesn't have /entity/ in path, so can't look for /entity_icon/
[12:47:13] [Render thread/WARN] [JMLogger] born_in_chaos_v1:textures/entities/zombiefisherman.png doesn't have /entity/ in path, so can't look for /entity_icon/
[12:47:13] [Render thread/WARN] [JMLogger] born_in_chaos_v1:textures/entities/maggot.png doesn't have /entity/ in path, so can't look for /entity_icon/
[12:47:13] [Render thread/WARN] [JMLogger] born_in_chaos_v1:textures/entities/fallenchaosknight.png doesn't have /entity/ in path, so can't look for /entity_icon/
[12:47:13] [Render thread/WARN] [JMLogger] Can't get entityTexture for irons_spellbooks:textures/entity_icon/necromancer.png
[12:47:29] [Render thread/WARN] [JMLogger] born_in_chaos_v1:textures/entities/bonescaller.png doesn't have /entity/ in path, so can't look for /entity_icon/
[12:47:29] [Render thread/WARN] [JMLogger] born_in_chaos_v1:textures/entities/darkvortex.png doesn't have /entity/ in path, so can't look for /entity_icon/
[12:47:33] [Render thread/WARN] [JMLogger] Can't get entityTexture for alexsmobs:textures/entity_icon/lobster_blue.png
[12:47:33] [Render thread/WARN] [JMLogger] Can't get entityTexture for alexsmobs:textures/entity_icon/flying_fish_0.png
[12:47:33] [Render thread/WARN] [JMLogger] born_in_chaos_v1:textures/entities/decrepitskeleton.png doesn't have /entity/ in path, so can't look for /entity_icon/
[12:47:38] [Render thread/WARN] [JMLogger] born_in_chaos_v1:textures/entities/corpsefish.png doesn't have /entity/ in path, so can't look for /entity_icon/
[12:47:38] [Render thread/WARN] [JMLogger] gamma_beasts:textures/entities/careyatrosc.png doesn't have /entity/ in path, so can't look for /entity_icon/
[12:47:38] [Render thread/WARN] [JMLogger] Can't get entityTexture for alexsmobs:textures/entity_icon/flying_fish_2.png
[12:47:38] [Render thread/WARN] [JMLogger] Can't get entityTexture for alexsmobs:textures/entity_icon/flying_fish_1.png
[12:47:49] [Render thread/WARN] [JMLogger] born_in_chaos_v1:textures/entities/rottenzombie.png doesn't have /entity/ in path, so can't look for /entity_icon/
[12:48:05] [Render thread/WARN] [JMLogger] orcz:textures/entities/wither_strike_texture.png doesn't have /entity/ in path, so can't look for /entity_icon/
[12:48:05] [Render thread/WARN] [JMLogger] born_in_chaos_v1:textures/entities/doorknight.png doesn't have /entity/ in path, so can't look for /entity_icon/
[12:48:05] [Render thread/WARN] [JMLogger] born_in_chaos_v1:textures/entities/bonescaller.png doesn't have /entity/ in path, so can't look for /entity_icon/
[12:48:05] [Render thread/WARN] [JMLogger] born_in_chaos_v1:textures/entities/dreadhound.png doesn't have /entity/ in path, so can't look for /entity_icon/
[12:48:05] [Render thread/WARN] [JMLogger] realmrpg_demons:textures/entities/chort.png doesn't have /entity/ in path, so can't look for /entity_icon/
[12:48:05] [Render thread/WARN] [JMLogger] born_in_chaos_v1:textures/entities/rottenzombie.png doesn't have /entity/ in path, so can't look for /entity_icon/
[12:48:08] [Render thread/WARN] [JMLogger] Can't get entityTexture for ecologics:textures/entity_icon/coconut_crab.png
[12:48:08] [Render thread/WARN] [JMLogger] gamma_beasts:textures/entities/careyatrosc.png doesn't have /entity/ in path, so can't look for /entity_icon/
[12:48:08] [Render thread/WARN] [JMLogger] Can't get entityTexture for alexsmobs:textures/entity_icon/flying_fish_0.png
[12:48:08] [Render thread/WARN] [JMLogger] Can't get entityTexture for alexsmobs:textures/entity_icon/flying_fish_1.png
[12:48:08] [Render thread/WARN] [JMLogger] Can't get entityTexture for alexsmobs:textures/entity_icon/flying_fish_2.png
[12:48:23] [Render thread/WARN] [JMLogger] born_in_chaos_v1:textures/entities/decrepitskeleton.png doesn't have /entity/ in path, so can't look for /entity_icon/
[12:48:23] [Render thread/WARN] [JMLogger] born_in_chaos_v1:textures/entities/darkvortex.png doesn't have /entity/ in path, so can't look for /entity_icon/
[12:48:53] [Render thread/WARN] [JMLogger] born_in_chaos_v1:textures/entities/shyspirit.png doesn't have /entity/ in path, so can't look for /entity_icon/
[12:48:53] [Render thread/WARN] [JMLogger] born_in_chaos_v1:textures/entities/babyskeleton2.png doesn't have /entity/ in path, so can't look for /entity_icon/
[12:49:03] [Render thread/WARN] [JMLogger] born_in_chaos_v1:textures/entities/babyskeleton2.png doesn't have /entity/ in path, so can't look for /entity_icon/
[12:49:06] [Render thread/WARN] [JMLogger] Can't get entityTexture for ecologics:textures/entity_icon/coconut_crab.png
[12:49:06] [Render thread/WARN] [JMLogger] gamma_beasts:textures/entities/careyatrosc.png doesn't have /entity/ in path, so can't look for /entity_icon/
[12:49:06] [Render thread/WARN] [JMLogger] Can't get entityTexture for alexsmobs:textures/entity_icon/flying_fish_1.png
[12:49:06] [Render thread/WARN] [JMLogger] Can't get entityTexture for alexsmobs:textures/entity_icon/flying_fish_2.png
[12:49:06] [Render thread/WARN] [JMLogger] Can't get entityTexture for alexsmobs:textures/entity_icon/flying_fish_0.png
[12:49:06] [Render thread/WARN] [JMLogger] orcz:textures/entities/wither_strike_texture.png doesn't have /entity/ in path, so can't look for /entity_icon/
[12:49:06] [Render thread/WARN] [JMLogger] realmrpg_demons:textures/entities/chort.png doesn't have /entity/ in path, so can't look for /entity_icon/
[12:49:06] [Render thread/WARN] [JMLogger] born_in_chaos_v1:textures/entities/rottenzombie.png doesn't have /entity/ in path, so can't look for /entity_icon/
[12:49:06] [Render thread/WARN] [JMLogger] born_in_chaos_v1:textures/entities/decrepitskeleton.png doesn't have /entity/ in path, so can't look for /entity_icon/
[12:49:06] [Render thread/WARN] [JMLogger] born_in_chaos_v1:textures/entities/darkvortex.png doesn't have /entity/ in path, so can't look for /entity_icon/
[12:49:06] [Render thread/WARN] [JMLogger] born_in_chaos_v1:textures/entities/shyspirit.png doesn't have /entity/ in path, so can't look for /entity_icon/
[12:49:06] [Render thread/WARN] [JMLogger] born_in_chaos_v1:textures/entities/doorknight.png doesn't have /entity/ in path, so can't look for /entity_icon/
[12:49:10] [Render thread/WARN] [JMLogger] Can't get entityTexture for alexsmobs:textures/entity_icon/lobster_red.png
[12:49:10] [Render thread/WARN] [JMLogger] Can't get entityTexture for alexsmobs:textures/entity_icon/lobster_blue.png
[12:49:10] [Render thread/WARN] [JMLogger] born_in_chaos_v1:textures/entities/corpsefish.png doesn't have /entity/ in path, so can't look for /entity_icon/
[12:49:10] [Render thread/WARN] [JMLogger] Can't get entityTexture for irons_spellbooks:textures/entity_icon/necromancer.png
[12:49:10] [Render thread/WARN] [JMLogger] born_in_chaos_v1:textures/entities/bonescaller.png doesn't have /entity/ in path, so can't look for /entity_icon/
[12:49:17] [Render thread/WARN] [JMLogger] born_in_chaos_v1:textures/entities/zombiebruiser.png doesn't have /entity/ in path, so can't look for /entity_icon/
[12:49:17] [Render thread/WARN] [JMLogger] born_in_chaos_v1:textures/entities/dreadhound.png doesn't have /entity/ in path, so can't look for /entity_icon/
[12:49:17] [Render thread/WARN] [JMLogger] born_in_chaos_v1:textures/entities/restlessspirit.png doesn't have /entity/ in path, so can't look for /entity_icon/
[12:49:43] [Render thread/WARN] [JMLogger] born_in_chaos_v1:textures/entities/corpsefly.png doesn't have /entity/ in path, so can't look for /entity_icon/
[12:49:56] [Render thread/WARN] [JMLogger] orcz:textures/entities/orc_iron_mace.png doesn't have /entity/ in path, so can't look for /entity_icon/
[12:49:59] [Render thread/WARN] [JMLogger] born_in_chaos_v1:textures/entities/babyskeleton.png doesn't have /entity/ in path, so can't look for /entity_icon/
[12:49:59] [Render thread/WARN] [JMLogger] realmrpg_demons:textures/entities/chort.png doesn't have /entity/ in path, so can't look for /entity_icon/
[12:50:03] [Render thread/WARN] [JMLogger] Can't get entityTexture for alexsmobs:textures/entity_icon/lobster_red.png
[12:50:03] [Render thread/WARN] [JMLogger] Can't get entityTexture for alexsmobs:textures/entity_icon/lobster_blue.png
[12:50:03] [Render thread/WARN] [JMLogger] Can't get entityTexture for ecologics:textures/entity_icon/coconut_crab.png
[12:50:03] [Render thread/WARN] [JMLogger] Can't get entityTexture for alexsmobs:textures/entity_icon/flying_fish_0.png
[12:50:03] [Render thread/WARN] [JMLogger] Can't get entityTexture for alexsmobs:textures/entity_icon/flying_fish_1.png
[12:50:03] [Render thread/WARN] [JMLogger] Can't get entityTexture for alexsmobs:textures/entity_icon/flying_fish_2.png
[12:50:03] [Render thread/WARN] [JMLogger] orcz:textures/entities/wither_strike_texture.png doesn't have /entity/ in path, so can't look for /entity_icon/
[12:50:03] [Render thread/WARN] [JMLogger] orcz:textures/entities/orc_iron_mace.png doesn't have /entity/ in path, so can't look for /entity_icon/
[12:50:03] [Render thread/WARN] [JMLogger] born_in_chaos_v1:textures/entities/doorknight.png doesn't have /entity/ in path, so can't look for /entity_icon/
[12:50:03] [Render thread/WARN] [JMLogger] born_in_chaos_v1:textures/entities/corpsefly.png doesn't have /entity/ in path, so can't look for /entity_icon/
[12:50:12] [Render thread/WARN] [JMLogger] born_in_chaos_v1:textures/entities/decrepitskeleton.png doesn't have /entity/ in path, so can't look for /entity_icon/
[12:51:17] [Render thread/WARN] [JMLogger] Can't get entityTexture for ecologics:textures/entity_icon/coconut_crab.png
[12:51:17] [Render thread/WARN] [JMLogger] Can't get entityTexture for alexsmobs:textures/entity_icon/flying_fish_2.png
[12:51:17] [Render thread/WARN] [JMLogger] orcz:textures/entities/wither_strike_texture.png doesn't have /entity/ in path, so can't look for /entity_icon/
[12:51:17] [Render thread/WARN] [JMLogger] born_in_chaos_v1:textures/entities/corpsefly.png doesn't have /entity/ in path, so can't look for /entity_icon/
[12:51:17] [Render thread/WARN] [JMLogger] realmrpg_demons:textures/entities/chort.png doesn't have /entity/ in path, so can't look for /entity_icon/
[12:51:23] [Render thread/WARN] [JMLogger] Can't get entityTexture for alexsmobs:textures/entity_icon/lobster_red.png
[12:51:23] [Render thread/WARN] [JMLogger] Can't get entityTexture for alexsmobs:textures/entity_icon/lobster_blue.png
[12:51:23] [Render thread/WARN] [JMLogger] Can't get entityTexture for alexsmobs:textures/entity_icon/flying_fish_0.png
[12:51:23] [Render thread/WARN] [JMLogger] Can't get entityTexture for alexsmobs:textures/entity_icon/lobster_redblue.png
[12:51:40] [Render thread/WARN] [JMLogger] born_in_chaos_v1:textures/entities/decrepitskeleton.png doesn't have /entity/ in path, so can't look for /entity_icon/
[12:51:40] [Render thread/WARN] [JMLogger] orcz:textures/entities/orc_savage.png doesn't have /entity/ in path, so can't look for /entity_icon/
[12:51:40] [Render thread/WARN] [JMLogger] orcz:textures/entities/orc_savage_shield.png doesn't have /entity/ in path, so can't look for /entity_icon/
[12:51:40] [Render thread/WARN] [JMLogger] orcz:textures/entities/goblin_savage.png doesn't have /entity/ in path, so can't look for /entity_icon/
[12:51:47] [Render thread/WARN] [JMLogger] Can't get entityTexture for alexsmobs:textures/entity_icon/lobster_yellow.png
[12:51:58] [Render thread/WARN] [JMLogger] Can't get entityTexture for alexsmobs:textures/entity_icon/fly.png
[12:52:48] [Render thread/WARN] [JMLogger] orcz:textures/entities/wither_strike_texture.png doesn't have /entity/ in path, so can't look for /entity_icon/
[12:52:48] [Render thread/WARN] [JMLogger] born_in_chaos_v1:textures/entities/decrepitskeleton.png doesn't have /entity/ in path, so can't look for /entity_icon/
[12:52:52] [Render thread/WARN] [JMLogger] Can't get entityTexture for ecologics:textures/entity_icon/coconut_crab.png
[12:52:52] [Render thread/WARN] [JMLogger] Can't get entityTexture for alexsmobs:textures/entity_icon/fly.png
[12:52:52] [Render thread/WARN] [JMLogger] orcz:textures/entities/gob_snot.png doesn't have /entity/ in path, so can't look for /entity_icon/
[12:52:58] [Render thread/WARN] [JMLogger] Can't get entityTexture for alexsmobs:textures/entity_icon/flying_fish_0.png
[12:52:58] [Render thread/WARN] [JMLogger] Can't get entityTexture for alexsmobs:textures/entity_icon/flying_fish_2.png
[12:52:58] [Render thread/WARN] [JMLogger] Can't get entityTexture for alexsmobs:textures/entity_icon/flying_fish_1.png
[12:53:13] [Render thread/WARN] [JMLogger] Can't get entityTexture for alexsmobs:textures/entity_icon/lobster_red.png
[12:53:13] [Render thread/WARN] [JMLogger] Can't get entityTexture for alexsmobs:textures/entity_icon/lobster_blue.png
[12:53:13] [Render thread/WARN] [JMLogger] Can't get entityTexture for alexsmobs:textures/entity_icon/lobster_yellow.png
[12:53:13] [Render thread/WARN] [JMLogger] orcz:textures/entities/orc_savage_shield.png doesn't have /entity/ in path, so can't look for /entity_icon/
[12:53:13] [Render thread/WARN] [JMLogger] orcz:textures/entities/goblin_savage_2sword.png doesn't have /entity/ in path, so can't look for /entity_icon/
[12:53:13] [Render thread/WARN] [JMLogger] orcz:textures/entities/orc_savage_2sword.png doesn't have /entity/ in path, so can't look for /entity_icon/
[12:53:13] [Render thread/WARN] [JMLogger] orcz:textures/entities/orc_savage.png doesn't have /entity/ in path, so can't look for /entity_icon/
[12:53:13] [Render thread/WARN] [JMLogger] orcz:textures/entities/orc_savage_weridboy_necro.png doesn't have /entity/ in path, so can't look for /entity_icon/
[12:53:13] [Render thread/WARN] [JMLogger] orcz:textures/entities/goblin_savage.png doesn't have /entity/ in path, so can't look for /entity_icon/
[12:53:20] [Render thread/WARN] [JMLogger] orcz:textures/entities/spec_squig_texture.png doesn't have /entity/ in path, so can't look for /entity_icon/
[12:53:20] [Render thread/WARN] [JMLogger] orcz:textures/entities/ring.png doesn't have /entity/ in path, so can't look for /entity_icon/
[12:53:23] [Render thread/WARN] [JMLogger] Can't get entityTexture for irons_spellbooks:textures/entity_icon/necromancer.png
[12:53:53] [Render thread/WARN] [JMLogger] orcz:textures/entities/wither_strike_texture.png doesn't have /entity/ in path, so can't look for /entity_icon/
[12:53:53] [Render thread/WARN] [JMLogger] orcz:textures/entities/gob_snot.png doesn't have /entity/ in path, so can't look for /entity_icon/
[12:53:57] [Render thread/WARN] [JMLogger] Can't get entityTexture for alexsmobs:textures/entity_icon/lobster_red.png
[12:53:57] [Render thread/WARN] [JMLogger] Can't get entityTexture for alexsmobs:textures/entity_icon/lobster_blue.png
[12:53:57] [Render thread/WARN] [JMLogger] Can't get entityTexture for alexsmobs:textures/entity_icon/lobster_yellow.png
[12:53:57] [Render thread/WARN] [JMLogger] Can't get entityTexture for ecologics:textures/entity_icon/coconut_crab.png
[12:53:57] [Render thread/WARN] [JMLogger] Can't get entityTexture for alexsmobs:textures/entity_icon/fly.png
[12:53:57] [Render thread/WARN] [JMLogger] Can't get entityTexture for alexsmobs:textures/entity_icon/flying_fish_1.png
[12:53:57] [Render thread/WARN] [JMLogger] Can't get entityTexture for alexsmobs:textures/entity_icon/flying_fish_0.png
[12:53:57] [Render thread/WARN] [JMLogger] Can't get entityTexture for irons_spellbooks:textures/entity_icon/necromancer.png
[12:54:18] [Render thread/WARN] [JMLogger] Can't get entityTexture for alexsmobs:textures/entity_icon/flying_fish_2.png
[12:54:24] [Render thread/WARN] [JMLogger] born_in_chaos_v1:textures/entities/babyskeleton.png doesn't have /entity/ in path, so can't look for /entity_icon/
[12:54:52] [Render thread/WARN] [JMLogger] orcz:textures/entities/goblin_savage.png doesn't have /entity/ in path, so can't look for /entity_icon/
[12:54:52] [Render thread/WARN] [JMLogger] orcz:textures/entities/orc_savage_weird.png doesn't have /entity/ in path, so can't look for /entity_icon/
[12:55:04] [Render thread/WARN] [JMLogger] orcz:textures/entities/orc_savage_weridboy_necro.png doesn't have /entity/ in path, so can't look for /entity_icon/
[12:55:04] [Render thread/WARN] [JMLogger] orcz:textures/entities/orc_savage.png doesn't have /entity/ in path, so can't look for /entity_icon/
[12:55:04] [Render thread/WARN] [JMLogger] orcz:textures/entities/goblin_savage_2sword.png doesn't have /entity/ in path, so can't look for /entity_icon/
[12:55:13] [Render thread/WARN] [JMLogger] Can't get entityTexture for alexsmobs:textures/entity_icon/lobster_red.png
[12:55:13] [Render thread/WARN] [JMLogger] Can't get entityTexture for alexsmobs:textures/entity_icon/lobster_blue.png
[12:55:13] [Render thread/WARN] [JMLogger] Can't get entityTexture for alexsmobs:textures/entity_icon/lobster_yellow.png
[12:55:13] [Render thread/WARN] [JMLogger] Can't get entityTexture for ecologics:textures/entity_icon/coconut_crab.png
[12:55:13] [Render thread/WARN] [JMLogger] seadwellers:textures/entities/mermorph_river.png doesn't have /entity/ in path, so can't look for /entity_icon/
[12:55:13] [Render thread/WARN] [JMLogger] gamma_beasts:textures/entities/careyatrosc.png doesn't have /entity/ in path, so can't look for /entity_icon/
[12:55:13] [Render thread/WARN] [JMLogger] orcz:textures/entities/wither_strike_texture.png doesn't have /entity/ in path, so can't look for /entity_icon/
[12:55:13] [Render thread/WARN] [JMLogger] Can't get entityTexture for irons_spellbooks:textures/entity_icon/necromancer.png
[12:55:13] [Render thread/WARN] [JMLogger] born_in_chaos_v1:textures/entities/babyskeleton.png doesn't have /entity/ in path, so can't look for /entity_icon/
[12:55:13] [Render thread/WARN] [JMLogger] orcz:textures/entities/orc_savage_weridboy_necro.png doesn't have /entity/ in path, so can't look for /entity_icon/
[12:55:13] [Render thread/WARN] [JMLogger] orcz:textures/entities/orc_savage.png doesn't have /entity/ in path, so can't look for /entity_icon/
[12:55:13] [Render thread/WARN] [JMLogger] orcz:textures/entities/goblin_savage_2sword.png doesn't have /entity/ in path, so can't look for /entity_icon/
[12:55:23] [Render thread/WARN] [JMLogger] Can't get entityTexture for alexsmobs:textures/entity_icon/fly.png
[12:55:43] [Render thread/INFO] [JourneymapClient] Mapping halted in /home/malaganator/minecraft/RPG Soul Like/journeymap/data/mp/Servidor~de~Minecraft_1591bbed~a7cf~4708~95d3~d5f1bec07a61/minecraft:overworld
